  Menu.cpp
C:\Users\Szymon\source\repos\Project_PEA\Project_PEA\Menu.cpp(165,16): error C2039: „timer”: nie jest składową elementu „Menu”
C:\Users\Szymon\source\repos\Project_PEA\Project_PEA\Menu.h(5): message : zobacz deklarację „Menu”
C:\Users\Szymon\source\repos\Project_PEA\Project_PEA\Menu.cpp(166,16): error C2039: „array”: nie jest składową elementu „Menu”
C:\Users\Szymon\source\repos\Project_PEA\Project_PEA\Menu.h(5): message : zobacz deklarację „Menu”
C:\Users\Szymon\source\repos\Project_PEA\Project_PEA\Menu.cpp(167,29): error C2039: „timer”: nie jest składową elementu „Menu”
C:\Users\Szymon\source\repos\Project_PEA\Project_PEA\Menu.h(5): message : zobacz deklarację „Menu”
C:\Users\Szymon\source\repos\Project_PEA\Project_PEA\Menu.cpp(169,16): error C2039: „array”: nie jest składową elementu „Menu”
C:\Users\Szymon\source\repos\Project_PEA\Project_PEA\Menu.h(5): message : zobacz deklarację „Menu”
C:\Users\Szymon\source\repos\Project_PEA\Project_PEA\Menu.cpp(177,16): error C2039: „timer”: nie jest składową elementu „Menu”
C:\Users\Szymon\source\repos\Project_PEA\Project_PEA\Menu.h(5): message : zobacz deklarację „Menu”
C:\Users\Szymon\source\repos\Project_PEA\Project_PEA\Menu.cpp(178,16): error C2039: „array”: nie jest składową elementu „Menu”
C:\Users\Szymon\source\repos\Project_PEA\Project_PEA\Menu.h(5): message : zobacz deklarację „Menu”
C:\Users\Szymon\source\repos\Project_PEA\Project_PEA\Menu.cpp(179,29): error C2039: „timer”: nie jest składową elementu „Menu”
C:\Users\Szymon\source\repos\Project_PEA\Project_PEA\Menu.h(5): message : zobacz deklarację „Menu”
C:\Users\Szymon\source\repos\Project_PEA\Project_PEA\Menu.cpp(181,16): error C2039: „array”: nie jest składową elementu „Menu”
C:\Users\Szymon\source\repos\Project_PEA\Project_PEA\Menu.h(5): message : zobacz deklarację „Menu”
C:\Users\Szymon\source\repos\Project_PEA\Project_PEA\Menu.cpp(190,16): error C2039: „timer”: nie jest składową elementu „Menu”
C:\Users\Szymon\source\repos\Project_PEA\Project_PEA\Menu.h(5): message : zobacz deklarację „Menu”
C:\Users\Szymon\source\repos\Project_PEA\Project_PEA\Menu.cpp(191,16): error C2039: „array”: nie jest składową elementu „Menu”
C:\Users\Szymon\source\repos\Project_PEA\Project_PEA\Menu.h(5): message : zobacz deklarację „Menu”
C:\Users\Szymon\source\repos\Project_PEA\Project_PEA\Menu.cpp(192,29): error C2039: „timer”: nie jest składową elementu „Menu”
C:\Users\Szymon\source\repos\Project_PEA\Project_PEA\Menu.h(5): message : zobacz deklarację „Menu”
C:\Users\Szymon\source\repos\Project_PEA\Project_PEA\Menu.cpp(194,16): error C2039: „array”: nie jest składową elementu „Menu”
C:\Users\Szymon\source\repos\Project_PEA\Project_PEA\Menu.h(5): message : zobacz deklarację „Menu”
C:\Users\Szymon\source\repos\Project_PEA\Project_PEA\Menu.cpp(200,16): error C2039: „timer”: nie jest składową elementu „Menu”
C:\Users\Szymon\source\repos\Project_PEA\Project_PEA\Menu.h(5): message : zobacz deklarację „Menu”
C:\Users\Szymon\source\repos\Project_PEA\Project_PEA\Menu.cpp(201,8): error C2039: „array”: nie jest składową elementu „Menu”
C:\Users\Szymon\source\repos\Project_PEA\Project_PEA\Menu.h(5): message : zobacz deklarację „Menu”
C:\Users\Szymon\source\repos\Project_PEA\Project_PEA\Menu.cpp(203,29): error C2039: „timer”: nie jest składową elementu „Menu”
C:\Users\Szymon\source\repos\Project_PEA\Project_PEA\Menu.h(5): message : zobacz deklarację „Menu”
C:\Users\Szymon\source\repos\Project_PEA\Project_PEA\Menu.cpp(211,16): error C2039: „timer”: nie jest składową elementu „Menu”
C:\Users\Szymon\source\repos\Project_PEA\Project_PEA\Menu.h(5): message : zobacz deklarację „Menu”
C:\Users\Szymon\source\repos\Project_PEA\Project_PEA\Menu.cpp(212,16): error C2039: „array”: nie jest składową elementu „Menu”
C:\Users\Szymon\source\repos\Project_PEA\Project_PEA\Menu.h(5): message : zobacz deklarację „Menu”
C:\Users\Szymon\source\repos\Project_PEA\Project_PEA\Menu.cpp(213,29): error C2039: „timer”: nie jest składową elementu „Menu”
C:\Users\Szymon\source\repos\Project_PEA\Project_PEA\Menu.h(5): message : zobacz deklarację „Menu”
C:\Users\Szymon\source\repos\Project_PEA\Project_PEA\Menu.cpp(215,16): error C2039: „array”: nie jest składową elementu „Menu”
C:\Users\Szymon\source\repos\Project_PEA\Project_PEA\Menu.h(5): message : zobacz deklarację „Menu”
C:\Users\Szymon\source\repos\Project_PEA\Project_PEA\Menu.cpp(219,16): error C2039: „array”: nie jest składową elementu „Menu”
C:\Users\Szymon\source\repos\Project_PEA\Project_PEA\Menu.h(5): message : zobacz deklarację „Menu”
C:\Users\Szymon\source\repos\Project_PEA\Project_PEA\Menu.cpp(232,16): error C2039: „timer”: nie jest składową elementu „Menu”
C:\Users\Szymon\source\repos\Project_PEA\Project_PEA\Menu.h(5): message : zobacz deklarację „Menu”
C:\Users\Szymon\source\repos\Project_PEA\Project_PEA\Menu.cpp(233,15): error C2039: „list”: nie jest składową elementu „Menu”
C:\Users\Szymon\source\repos\Project_PEA\Project_PEA\Menu.h(5): message : zobacz deklarację „Menu”
C:\Users\Szymon\source\repos\Project_PEA\Project_PEA\Menu.cpp(234,29): error C2039: „timer”: nie jest składową elementu „Menu”
C:\Users\Szymon\source\repos\Project_PEA\Project_PEA\Menu.h(5): message : zobacz deklarację „Menu”
C:\Users\Szymon\source\repos\Project_PEA\Project_PEA\Menu.cpp(236,15): error C2039: „list”: nie jest składową elementu „Menu”
C:\Users\Szymon\source\repos\Project_PEA\Project_PEA\Menu.h(5): message : zobacz deklarację „Menu”
C:\Users\Szymon\source\repos\Project_PEA\Project_PEA\Menu.cpp(243,16): error C2039: „timer”: nie jest składową elementu „Menu”
C:\Users\Szymon\source\repos\Project_PEA\Project_PEA\Menu.h(5): message : zobacz deklarację „Menu”
C:\Users\Szymon\source\repos\Project_PEA\Project_PEA\Menu.cpp(244,15): error C2039: „list”: nie jest składową elementu „Menu”
C:\Users\Szymon\source\repos\Project_PEA\Project_PEA\Menu.h(5): message : zobacz deklarację „Menu”
C:\Users\Szymon\source\repos\Project_PEA\Project_PEA\Menu.cpp(245,29): error C2039: „timer”: nie jest składową elementu „Menu”
C:\Users\Szymon\source\repos\Project_PEA\Project_PEA\Menu.h(5): message : zobacz deklarację „Menu”
C:\Users\Szymon\source\repos\Project_PEA\Project_PEA\Menu.cpp(247,15): error C2039: „list”: nie jest składową elementu „Menu”
C:\Users\Szymon\source\repos\Project_PEA\Project_PEA\Menu.h(5): message : zobacz deklarację „Menu”
C:\Users\Szymon\source\repos\Project_PEA\Project_PEA\Menu.cpp(257,16): error C2039: „timer”: nie jest składową elementu „Menu”
C:\Users\Szymon\source\repos\Project_PEA\Project_PEA\Menu.h(5): message : zobacz deklarację „Menu”
C:\Users\Szymon\source\repos\Project_PEA\Project_PEA\Menu.cpp(258,15): error C2039: „list”: nie jest składową elementu „Menu”
C:\Users\Szymon\source\repos\Project_PEA\Project_PEA\Menu.h(5): message : zobacz deklarację „Menu”
C:\Users\Szymon\source\repos\Project_PEA\Project_PEA\Menu.cpp(259,29): error C2039: „timer”: nie jest składową elementu „Menu”
C:\Users\Szymon\source\repos\Project_PEA\Project_PEA\Menu.h(5): message : zobacz deklarację „Menu”
C:\Users\Szymon\source\repos\Project_PEA\Project_PEA\Menu.cpp(261,15): error C2039: „list”: nie jest składową elementu „Menu”
C:\Users\Szymon\source\repos\Project_PEA\Project_PEA\Menu.h(5): message : zobacz deklarację „Menu”
C:\Users\Szymon\source\repos\Project_PEA\Project_PEA\Menu.cpp(268,16): error C2039: „timer”: nie jest składową elementu „Menu”
C:\Users\Szymon\source\repos\Project_PEA\Project_PEA\Menu.h(5): message : zobacz deklarację „Menu”
C:\Users\Szymon\source\repos\Project_PEA\Project_PEA\Menu.cpp(269,8): error C2039: „list”: nie jest składową elementu „Menu”
C:\Users\Szymon\source\repos\Project_PEA\Project_PEA\Menu.h(5): message : zobacz deklarację „Menu”
C:\Users\Szymon\source\repos\Project_PEA\Project_PEA\Menu.cpp(271,29): error C2039: „timer”: nie jest składową elementu „Menu”
C:\Users\Szymon\source\repos\Project_PEA\Project_PEA\Menu.h(5): message : zobacz deklarację „Menu”
C:\Users\Szymon\source\repos\Project_PEA\Project_PEA\Menu.cpp(279,16): error C2039: „timer”: nie jest składową elementu „Menu”
C:\Users\Szymon\source\repos\Project_PEA\Project_PEA\Menu.h(5): message : zobacz deklarację „Menu”
C:\Users\Szymon\source\repos\Project_PEA\Project_PEA\Menu.cpp(280,15): error C2039: „list”: nie jest składową elementu „Menu”
C:\Users\Szymon\source\repos\Project_PEA\Project_PEA\Menu.h(5): message : zobacz deklarację „Menu”
C:\Users\Szymon\source\repos\Project_PEA\Project_PEA\Menu.cpp(281,29): error C2039: „timer”: nie jest składową elementu „Menu”
C:\Users\Szymon\source\repos\Project_PEA\Project_PEA\Menu.h(5): message : zobacz deklarację „Menu”
C:\Users\Szymon\source\repos\Project_PEA\Project_PEA\Menu.cpp(283,15): error C2039: „list”: nie jest składową elementu „Menu”
C:\Users\Szymon\source\repos\Project_PEA\Project_PEA\Menu.h(5): message : zobacz deklarację „Menu”
C:\Users\Szymon\source\repos\Project_PEA\Project_PEA\Menu.cpp(287,15): error C2039: „list”: nie jest składową elementu „Menu”
C:\Users\Szymon\source\repos\Project_PEA\Project_PEA\Menu.h(5): message : zobacz deklarację „Menu”
C:\Users\Szymon\source\repos\Project_PEA\Project_PEA\Menu.cpp(300,16): error C2039: „timer”: nie jest składową elementu „Menu”
C:\Users\Szymon\source\repos\Project_PEA\Project_PEA\Menu.h(5): message : zobacz deklarację „Menu”
C:\Users\Szymon\source\repos\Project_PEA\Project_PEA\Menu.cpp(301,15): error C2039: „heap”: nie jest składową elementu „Menu”
C:\Users\Szymon\source\repos\Project_PEA\Project_PEA\Menu.h(5): message : zobacz deklarację „Menu”
C:\Users\Szymon\source\repos\Project_PEA\Project_PEA\Menu.cpp(302,29): error C2039: „timer”: nie jest składową elementu „Menu”
C:\Users\Szymon\source\repos\Project_PEA\Project_PEA\Menu.h(5): message : zobacz deklarację „Menu”
C:\Users\Szymon\source\repos\Project_PEA\Project_PEA\Menu.cpp(304,15): error C2039: „heap”: nie jest składową elementu „Menu”
C:\Users\Szymon\source\repos\Project_PEA\Project_PEA\Menu.h(5): message : zobacz deklarację „Menu”
C:\Users\Szymon\source\repos\Project_PEA\Project_PEA\Menu.cpp(311,16): error C2039: „timer”: nie jest składową elementu „Menu”
C:\Users\Szymon\source\repos\Project_PEA\Project_PEA\Menu.h(5): message : zobacz deklarację „Menu”
C:\Users\Szymon\source\repos\Project_PEA\Project_PEA\Menu.cpp(312,15): error C2039: „heap”: nie jest składową elementu „Menu”
C:\Users\Szymon\source\repos\Project_PEA\Project_PEA\Menu.h(5): message : zobacz deklarację „Menu”
C:\Users\Szymon\source\repos\Project_PEA\Project_PEA\Menu.cpp(313,29): error C2039: „timer”: nie jest składową elementu „Menu”
C:\Users\Szymon\source\repos\Project_PEA\Project_PEA\Menu.h(5): message : zobacz deklarację „Menu”
C:\Users\Szymon\source\repos\Project_PEA\Project_PEA\Menu.cpp(315,15): error C2039: „heap”: nie jest składową elementu „Menu”
C:\Users\Szymon\source\repos\Project_PEA\Project_PEA\Menu.h(5): message : zobacz deklarację „Menu”
C:\Users\Szymon\source\repos\Project_PEA\Project_PEA\Menu.cpp(323,16): error C2039: „timer”: nie jest składową elementu „Menu”
C:\Users\Szymon\source\repos\Project_PEA\Project_PEA\Menu.h(5): message : zobacz deklarację „Menu”
C:\Users\Szymon\source\repos\Project_PEA\Project_PEA\Menu.cpp(324,15): error C2039: „heap”: nie jest składową elementu „Menu”
C:\Users\Szymon\source\repos\Project_PEA\Project_PEA\Menu.h(5): message : zobacz deklarację „Menu”
C:\Users\Szymon\source\repos\Project_PEA\Project_PEA\Menu.cpp(325,29): error C2039: „timer”: nie jest składową elementu „Menu”
C:\Users\Szymon\source\repos\Project_PEA\Project_PEA\Menu.h(5): message : zobacz deklarację „Menu”
C:\Users\Szymon\source\repos\Project_PEA\Project_PEA\Menu.cpp(327,15): error C2039: „heap”: nie jest składową elementu „Menu”
C:\Users\Szymon\source\repos\Project_PEA\Project_PEA\Menu.h(5): message : zobacz deklarację „Menu”
C:\Users\Szymon\source\repos\Project_PEA\Project_PEA\Menu.cpp(334,16): error C2039: „timer”: nie jest składową elementu „Menu”
C:\Users\Szymon\source\repos\Project_PEA\Project_PEA\Menu.h(5): message : zobacz deklarację „Menu”
C:\Users\Szymon\source\repos\Project_PEA\Project_PEA\Menu.cpp(335,8): error C2039: „heap”: nie jest składową elementu „Menu”
C:\Users\Szymon\source\repos\Project_PEA\Project_PEA\Menu.h(5): message : zobacz deklarację „Menu”
C:\Users\Szymon\source\repos\Project_PEA\Project_PEA\Menu.cpp(337,29): error C2039: „timer”: nie jest składową elementu „Menu”
C:\Users\Szymon\source\repos\Project_PEA\Project_PEA\Menu.h(5): message : zobacz deklarację „Menu”
C:\Users\Szymon\source\repos\Project_PEA\Project_PEA\Menu.cpp(345,16): error C2039: „timer”: nie jest składową elementu „Menu”
C:\Users\Szymon\source\repos\Project_PEA\Project_PEA\Menu.h(5): message : zobacz deklarację „Menu”
C:\Users\Szymon\source\repos\Project_PEA\Project_PEA\Menu.cpp(346,15): error C2039: „heap”: nie jest składową elementu „Menu”
C:\Users\Szymon\source\repos\Project_PEA\Project_PEA\Menu.h(5): message : zobacz deklarację „Menu”
C:\Users\Szymon\source\repos\Project_PEA\Project_PEA\Menu.cpp(347,29): error C2039: „timer”: nie jest składową elementu „Menu”
C:\Users\Szymon\source\repos\Project_PEA\Project_PEA\Menu.h(5): message : zobacz deklarację „Menu”
C:\Users\Szymon\source\repos\Project_PEA\Project_PEA\Menu.cpp(349,15): error C2039: „heap”: nie jest składową elementu „Menu”
C:\Users\Szymon\source\repos\Project_PEA\Project_PEA\Menu.h(5): message : zobacz deklarację „Menu”
C:\Users\Szymon\source\repos\Project_PEA\Project_PEA\Menu.cpp(353,15): error C2039: „heap”: nie jest składową elementu „Menu”
C:\Users\Szymon\source\repos\Project_PEA\Project_PEA\Menu.h(5): message : zobacz deklarację „Menu”
C:\Users\Szymon\source\repos\Project_PEA\Project_PEA\Menu.cpp(366,16): error C2039: „timer”: nie jest składową elementu „Menu”
C:\Users\Szymon\source\repos\Project_PEA\Project_PEA\Menu.h(5): message : zobacz deklarację „Menu”
C:\Users\Szymon\source\repos\Project_PEA\Project_PEA\Menu.cpp(367,15): error C2039: „tree”: nie jest składową elementu „Menu”
C:\Users\Szymon\source\repos\Project_PEA\Project_PEA\Menu.h(5): message : zobacz deklarację „Menu”
C:\Users\Szymon\source\repos\Project_PEA\Project_PEA\Menu.cpp(368,29): error C2039: „timer”: nie jest składową elementu „Menu”
C:\Users\Szymon\source\repos\Project_PEA\Project_PEA\Menu.h(5): message : zobacz deklarację „Menu”
C:\Users\Szymon\source\repos\Project_PEA\Project_PEA\Menu.cpp(370,15): error C2039: „tree”: nie jest składową elementu „Menu”
C:\Users\Szymon\source\repos\Project_PEA\Project_PEA\Menu.h(5): message : zobacz deklarację „Menu”
C:\Users\Szymon\source\repos\Project_PEA\Project_PEA\Menu.cpp(370,43): error C2039: „tree”: nie jest składową elementu „Menu”
C:\Users\Szymon\source\repos\Project_PEA\Project_PEA\Menu.h(5): message : zobacz deklarację „Menu”
C:\Users\Szymon\source\repos\Project_PEA\Project_PEA\Menu.cpp(377,16): error C2039: „timer”: nie jest składową elementu „Menu”
C:\Users\Szymon\source\repos\Project_PEA\Project_PEA\Menu.h(5): message : zobacz deklarację „Menu”
C:\Users\Szymon\source\repos\Project_PEA\Project_PEA\Menu.cpp(378,15): error C2039: „tree”: nie jest składową elementu „Menu”
C:\Users\Szymon\source\repos\Project_PEA\Project_PEA\Menu.h(5): message : zobacz deklarację „Menu”
C:\Users\Szymon\source\repos\Project_PEA\Project_PEA\Menu.cpp(378,31): error C2039: „tree”: nie jest składową elementu „Menu”
C:\Users\Szymon\source\repos\Project_PEA\Project_PEA\Menu.h(5): message : zobacz deklarację „Menu”
C:\Users\Szymon\source\repos\Project_PEA\Project_PEA\Menu.cpp(379,29): error C2039: „timer”: nie jest składową elementu „Menu”
C:\Users\Szymon\source\repos\Project_PEA\Project_PEA\Menu.h(5): message : zobacz deklarację „Menu”
C:\Users\Szymon\source\repos\Project_PEA\Project_PEA\Menu.cpp(381,15): error C2039: „tree”: nie jest składową elementu „Menu”
C:\Users\Szymon\source\repos\Project_PEA\Project_PEA\Menu.h(5): message : zobacz deklarację „Menu”
C:\Users\Szymon\source\repos\Project_PEA\Project_PEA\Menu.cpp(381,43): error C2039: „tree”: nie jest składową elementu „Menu”
C:\Users\Szymon\source\repos\Project_PEA\Project_PEA\Menu.h(5): message : zobacz deklarację „Menu”
C:\Users\Szymon\source\repos\Project_PEA\Project_PEA\Menu.cpp(389,16): error C2039: „timer”: nie jest składową elementu „Menu”
C:\Users\Szymon\source\repos\Project_PEA\Project_PEA\Menu.h(5): message : zobacz deklarację „Menu”
C:\Users\Szymon\source\repos\Project_PEA\Project_PEA\Menu.cpp(390,15): error C2039: „tree”: nie jest składową elementu „Menu”
C:\Users\Szymon\source\repos\Project_PEA\Project_PEA\Menu.h(5): message : zobacz deklarację „Menu”
C:\Users\Szymon\source\repos\Project_PEA\Project_PEA\Menu.cpp(391,29): error C2039: „timer”: nie jest składową elementu „Menu”
C:\Users\Szymon\source\repos\Project_PEA\Project_PEA\Menu.h(5): message : zobacz deklarację „Menu”
C:\Users\Szymon\source\repos\Project_PEA\Project_PEA\Menu.cpp(393,15): error C2039: „tree”: nie jest składową elementu „Menu”
C:\Users\Szymon\source\repos\Project_PEA\Project_PEA\Menu.h(5): message : zobacz deklarację „Menu”
C:\Users\Szymon\source\repos\Project_PEA\Project_PEA\Menu.cpp(393,43): error C2039: „tree”: nie jest składową elementu „Menu”
C:\Users\Szymon\source\repos\Project_PEA\Project_PEA\Menu.h(5): message : zobacz deklarację „Menu”
C:\Users\Szymon\source\repos\Project_PEA\Project_PEA\Menu.cpp(400,16): error C2039: „timer”: nie jest składową elementu „Menu”
C:\Users\Szymon\source\repos\Project_PEA\Project_PEA\Menu.h(5): message : zobacz deklarację „Menu”
C:\Users\Szymon\source\repos\Project_PEA\Project_PEA\Menu.cpp(401,8): error C2039: „tree”: nie jest składową elementu „Menu”
C:\Users\Szymon\source\repos\Project_PEA\Project_PEA\Menu.h(5): message : zobacz deklarację „Menu”
C:\Users\Szymon\source\repos\Project_PEA\Project_PEA\Menu.cpp(403,29): error C2039: „timer”: nie jest składową elementu „Menu”
C:\Users\Szymon\source\repos\Project_PEA\Project_PEA\Menu.h(5): message : zobacz deklarację „Menu”
C:\Users\Szymon\source\repos\Project_PEA\Project_PEA\Menu.cpp(411,16): error C2039: „timer”: nie jest składową elementu „Menu”
C:\Users\Szymon\source\repos\Project_PEA\Project_PEA\Menu.h(5): message : zobacz deklarację „Menu”
C:\Users\Szymon\source\repos\Project_PEA\Project_PEA\Menu.cpp(412,15): error C2039: „tree”: nie jest składową elementu „Menu”
C:\Users\Szymon\source\repos\Project_PEA\Project_PEA\Menu.h(5): message : zobacz deklarację „Menu”
C:\Users\Szymon\source\repos\Project_PEA\Project_PEA\Menu.cpp(413,29): error C2039: „timer”: nie jest składową elementu „Menu”
C:\Users\Szymon\source\repos\Project_PEA\Project_PEA\Menu.h(5): message : zobacz deklarację „Menu”
C:\Users\Szymon\source\repos\Project_PEA\Project_PEA\Menu.cpp(415,15): error C2039: „tree”: nie jest składową elementu „Menu”
C:\Users\Szymon\source\repos\Project_PEA\Project_PEA\Menu.h(5): message : zobacz deklarację „Menu”
C:\Users\Szymon\source\repos\Project_PEA\Project_PEA\Menu.cpp(415,43): error C2039: „tree”: nie jest składową elementu „Menu”
C:\Users\Szymon\source\repos\Project_PEA\Project_PEA\Menu.h(5): message : zobacz deklarację „Menu”
C:\Users\Szymon\source\repos\Project_PEA\Project_PEA\Menu.cpp(419,15): error C2039: „tree”: nie jest składową elementu „Menu”
C:\Users\Szymon\source\repos\Project_PEA\Project_PEA\Menu.h(5): message : zobacz deklarację „Menu”
C:\Users\Szymon\source\repos\Project_PEA\Project_PEA\Menu.cpp(419,43): error C2039: „tree”: nie jest składową elementu „Menu”
C:\Users\Szymon\source\repos\Project_PEA\Project_PEA\Menu.h(5): message : zobacz deklarację „Menu”
C:\Users\Szymon\source\repos\Project_PEA\Project_PEA\Menu.cpp(444,14): error C2039: „array”: nie jest składową elementu „Menu”
C:\Users\Szymon\source\repos\Project_PEA\Project_PEA\Menu.h(5): message : zobacz deklarację „Menu”
C:\Users\Szymon\source\repos\Project_PEA\Project_PEA\Menu.cpp(444,25): error C2061: błąd składniowy: identyfikator „Array”
C:\Users\Szymon\source\repos\Project_PEA\Project_PEA\Menu.cpp(445,13): error C2039: „list”: nie jest składową elementu „Menu”
C:\Users\Szymon\source\repos\Project_PEA\Project_PEA\Menu.h(5): message : zobacz deklarację „Menu”
C:\Users\Szymon\source\repos\Project_PEA\Project_PEA\Menu.cpp(445,23): error C2061: błąd składniowy: identyfikator „List”
C:\Users\Szymon\source\repos\Project_PEA\Project_PEA\Menu.cpp(446,13): error C2039: „heap”: nie jest składową elementu „Menu”
C:\Users\Szymon\source\repos\Project_PEA\Project_PEA\Menu.h(5): message : zobacz deklarację „Menu”
C:\Users\Szymon\source\repos\Project_PEA\Project_PEA\Menu.cpp(446,29): error C2061: błąd składniowy: identyfikator „BinaryHeap”
C:\Users\Szymon\source\repos\Project_PEA\Project_PEA\Menu.cpp(447,13): error C2039: „tree”: nie jest składową elementu „Menu”
C:\Users\Szymon\source\repos\Project_PEA\Project_PEA\Menu.h(5): message : zobacz deklarację „Menu”
C:\Users\Szymon\source\repos\Project_PEA\Project_PEA\Menu.cpp(447,22): error C2061: błąd składniowy: identyfikator „BST”
C:\Users\Szymon\source\repos\Project_PEA\Project_PEA\Menu.cpp(448,14): error C2039: „timer”: nie jest składową elementu „Menu”
C:\Users\Szymon\source\repos\Project_PEA\Project_PEA\Menu.h(5): message : zobacz deklarację „Menu”
C:\Users\Szymon\source\repos\Project_PEA\Project_PEA\Menu.cpp(448,25): error C2061: błąd składniowy: identyfikator „Timer”
  Project_PEA.cpp
  Generowanie kodu...
