  List.cpp
C:\Users\Szymon\source\repos\Project_PEA\Project_PEA\List.cpp(130,33): warning C4804: "<": niebezpieczne użycie typu "bool" w operacji
  Matrix.cpp
C:\Users\Szymon\source\repos\Project_PEA\Project_PEA\Matrix.cpp(36,28): warning C4018: "<": niezgodność typu ze znakiem/bez znaku
C:\Users\Szymon\source\repos\Project_PEA\Project_PEA\Matrix.cpp(41,21): warning C4018: "<": niezgodność typu ze znakiem/bez znaku
  Menu.cpp
C:\Users\Szymon\source\repos\Project_PEA\Project_PEA\Menu.cpp(44,21): warning C4018: "<": niezgodność typu ze znakiem/bez znaku
C:\Users\Szymon\source\repos\Project_PEA\Project_PEA\Menu.cpp(52,17): warning C4018: "<": niezgodność typu ze znakiem/bez znaku
C:\Users\Szymon\source\repos\Project_PEA\Project_PEA\Menu.cpp(26,9): warning C4101: "number": lokalna zmienna, do której nie istnieje odwołanie
C:\Users\Szymon\source\repos\Project_PEA\Project_PEA\Menu.cpp(185,8): warning C4101: "i": lokalna zmienna, do której nie istnieje odwołanie
  Project_PEA.cpp
  Structures.cpp
C:\Users\Szymon\source\repos\Project_PEA\Project_PEA\Structures.cpp(11,20): warning C4018: "<": niezgodność typu ze znakiem/bez znaku
C:\Users\Szymon\source\repos\Project_PEA\Project_PEA\Structures.cpp(24,19): warning C4018: "<": niezgodność typu ze znakiem/bez znaku
C:\Users\Szymon\source\repos\Project_PEA\Project_PEA\Structures.cpp(33,19): warning C4018: "<": niezgodność typu ze znakiem/bez znaku
C:\Users\Szymon\source\repos\Project_PEA\Project_PEA\Structures.cpp(47,19): warning C4018: "<": niezgodność typu ze znakiem/bez znaku
C:\Users\Szymon\source\repos\Project_PEA\Project_PEA\Structures.cpp(60,19): warning C4018: "<": niezgodność typu ze znakiem/bez znaku
C:\Users\Szymon\source\repos\Project_PEA\Project_PEA\Structures.cpp(69,19): warning C4018: "<": niezgodność typu ze znakiem/bez znaku
C:\Users\Szymon\source\repos\Project_PEA\Project_PEA\Structures.cpp(95,19): warning C4018: "<": niezgodność typu ze znakiem/bez znaku
  Trwa generowanie kodu
C:\Users\Szymon\source\repos\Project_PEA\Project_PEA\Menu.cpp(21): warning C4715: "Menu::nazwa”: niewszystkie ścieżki kodu zwracają wartość
  68 of 209 functions (32.5%) were compiled, the rest were copied from previous compilation.
    12 functions were new in current compilation
    18 functions had inline decision re-evaluated but remain unchanged
  Zakończono generowanie kodu
  Project_PEA.vcxproj -> C:\Users\Szymon\source\repos\Project_PEA\Release\Project_PEA.exe
